<?xml version="1.0" encoding="UTF-8"?>
<!-- Generated by org.testng.reporters.JUnitReportReporter -->
<testsuite hostname="DESKTOP-LR7KCQT" failures="0" tests="2" name="demo.Q17facebook_Demo" time="17.518" errors="0" timestamp="2023-12-23T10:11:42 IST" skipped="0">
  <testcase classname="demo.Q17facebook_Demo" name="f" time="8.521"/>
  <testcase classname="demo.Q17facebook_Demo" name="f" time="8.997"/>
</testsuite> <!-- demo.Q17facebook_Demo -->
