<?xml version="1.0" encoding="UTF-8"?>
<!-- Generated by org.testng.reporters.JUnitReportReporter -->
<testsuite hostname="DESKTOP-LR7KCQT" failures="0" tests="1" name="com.Assignment_module7.Q13_Junit_Assert_Classdemo" time="0.010" errors="0" timestamp="2023-12-23T10:52:45 IST" skipped="0">
  <testcase classname="com.Assignment_module7.Q13_Junit_Assert_Classdemo" name="test" time="0.010"/>
</testsuite> <!-- com.Assignment_module7.Q13_Junit_Assert_Classdemo -->
